{
  "stats": {
    "suites": 1,
    "tests": 1,
    "passes": 1,
    "pending": 0,
    "failures": 0,
    "start": "2026-07-02T01:24:42.727Z",
    "end": "2026-07-02T01:24:43.211Z",
    "duration": 484,
    "testsRegistered": 1,
    "passPercent": 100,
    "pendingPercent": 0,
    "other": 0,
    "hasOther": false,
    "skipped": 0,
    "hasSkipped": false
  },
  "results": [
    {
      "uuid": "f541a5c0-3582-40e4-a74e-0ba0bc09b9c4",
      "title": "",
      "fullFile": "cypress\\e2e\\deletar_agendamento.cy.js",
      "file": "cypress\\e2e\\deletar_agendamento.cy.js",
      "beforeHooks": [],
      "afterHooks": [],
      "tests": [],
      "suites": [
        {
          "uuid": "a50cc52d-b1b8-4d00-a4c4-fab030df1554",
          "title": "Deletar agendamento",
          "fullFile": "",
          "file": "",
          "beforeHooks": [],
          "afterHooks": [],
          "tests": [
            {
              "title": "Deletar agendamento com sucesso",
              "fullTitle": "Deletar agendamento Deletar agendamento com sucesso",
              "timedOut": null,
              "duration": 473,
              "state": "passed",
              "speed": "fast",
              "pass": true,
              "fail": false,
              "pending": false,
              "context": null,
              "code": "// Cadastro de agendamento - Pré condição\nconst cadastro_agendamento = GerarPayloadCadastro(); // Puxa os dados de agendamento do Fakerjs\nconst update_cadastro = GerarPayloadCadastro(); // Puxa novos dados do Fakesjs\ncy.cadastrarAgendamento(cadastro_agendamento).then(results => {\n  expect(results.status).to.equal(200);\n  const id = results.body.bookingid;\n  //Deletar o agendamento  \n  cy.deletarAgendamento(id, token).then(results => {\n    expect(results.status).to.equal(201);\n  });\n});",
              "err": {},
              "uuid": "8727d793-2fa3-48df-b9ba-bbe5f80520f6",
              "parentUUID": "a50cc52d-b1b8-4d00-a4c4-fab030df1554",
              "isHook": false,
              "skipped": false
            }
          ],
          "suites": [],
          "passes": [
            "8727d793-2fa3-48df-b9ba-bbe5f80520f6"
          ],
          "failures": [],
          "pending": [],
          "skipped": [],
          "duration": 473,
          "root": false,
          "rootEmpty": false,
          "_timeout": 2000
        }
      ],
      "passes": [],
      "failures": [],
      "pending": [],
      "skipped": [],
      "duration": 0,
      "root": true,
      "rootEmpty": true,
      "_timeout": 2000
    }
  ],
  "meta": {
    "mocha": {
      "version": "7.2.0"
    },
    "mochawesome": {
      "options": {
        "quiet": true,
        "reportFilename": "mochawesome",
        "saveHtml": false,
        "saveJson": true,
        "consoleReporter": "spec",
        "useInlineDiffs": false,
        "code": true
      },
      "version": "7.1.4"
    },
    "marge": {
      "options": {
        "reportDir": "cypress/reports",
        "overwrite": false,
        "html": false,
        "json": true,
        "quiet": true
      },
      "version": "6.3.2"
    }
  }
}