{
  "stats": {
    "suites": 1,
    "tests": 1,
    "passes": 1,
    "pending": 0,
    "failures": 0,
    "start": "2026-07-02T01:22:58.956Z",
    "end": "2026-07-02T01:22:59.442Z",
    "duration": 486,
    "testsRegistered": 1,
    "passPercent": 100,
    "pendingPercent": 0,
    "other": 0,
    "hasOther": false,
    "skipped": 0,
    "hasSkipped": false
  },
  "results": [
    {
      "uuid": "a605f973-4b68-426f-98e2-6bbc153afa42",
      "title": "",
      "fullFile": "cypress\\e2e\\Update_parcial_agendamento.cy.js",
      "file": "cypress\\e2e\\Update_parcial_agendamento.cy.js",
      "beforeHooks": [],
      "afterHooks": [],
      "tests": [],
      "suites": [
        {
          "uuid": "0a364df4-52d0-4c23-9226-2e986026b4ca",
          "title": "Update parcial do agendamento",
          "fullFile": "",
          "file": "",
          "beforeHooks": [],
          "afterHooks": [],
          "tests": [
            {
              "title": "Update parcial de agendamento",
              "fullTitle": "Update parcial do agendamento Update parcial de agendamento",
              "timedOut": null,
              "duration": 473,
              "state": "passed",
              "speed": "fast",
              "pass": true,
              "fail": false,
              "pending": false,
              "context": null,
              "code": "// Cadastro de agendamento - Pré condição\nconst cadastro_agendamento = GerarPayloadCadastro(); // Puxa os dados de agendamento do Fakerjs\nconst update_cadastro = GerarPayloadCadastro(); // Puxa novos dados do Fakesjs\ncy.cadastrarAgendamento(cadastro_agendamento).then(results => {\n  expect(results.status).to.equal(200);\n  const id = results.body.bookingid;\n  //Update parcial do agendamento \n  cy.atualizarAgendamento(id, update_cadastro, token).then(results => {\n    expect(results.status).to.equal(200);\n  });\n});",
              "err": {},
              "uuid": "52a0dc12-8567-4a3c-8ca6-1a9b6a081ef9",
              "parentUUID": "0a364df4-52d0-4c23-9226-2e986026b4ca",
              "isHook": false,
              "skipped": false
            }
          ],
          "suites": [],
          "passes": [
            "52a0dc12-8567-4a3c-8ca6-1a9b6a081ef9"
          ],
          "failures": [],
          "pending": [],
          "skipped": [],
          "duration": 473,
          "root": false,
          "rootEmpty": false,
          "_timeout": 2000
        }
      ],
      "passes": [],
      "failures": [],
      "pending": [],
      "skipped": [],
      "duration": 0,
      "root": true,
      "rootEmpty": true,
      "_timeout": 2000
    }
  ],
  "meta": {
    "mocha": {
      "version": "7.2.0"
    },
    "mochawesome": {
      "options": {
        "quiet": true,
        "reportFilename": "mochawesome",
        "saveHtml": false,
        "saveJson": true,
        "consoleReporter": "spec",
        "useInlineDiffs": false,
        "code": true
      },
      "version": "7.1.4"
    },
    "marge": {
      "options": {
        "reportDir": "cypress/reports",
        "overwrite": false,
        "html": false,
        "json": true,
        "quiet": true
      },
      "version": "6.3.2"
    }
  }
}