{
  "stats": {
    "suites": 1,
    "tests": 1,
    "passes": 1,
    "pending": 0,
    "failures": 0,
    "start": "2026-07-02T01:22:53.769Z",
    "end": "2026-07-02T01:22:53.966Z",
    "duration": 197,
    "testsRegistered": 1,
    "passPercent": 100,
    "pendingPercent": 0,
    "other": 0,
    "hasOther": false,
    "skipped": 0,
    "hasSkipped": false
  },
  "results": [
    {
      "uuid": "17faebd5-8f3c-4430-93a0-a89b1fc4059e",
      "title": "",
      "fullFile": "cypress\\e2e\\cadastrar_agendamento.cy.js",
      "file": "cypress\\e2e\\cadastrar_agendamento.cy.js",
      "beforeHooks": [],
      "afterHooks": [],
      "tests": [],
      "suites": [
        {
          "uuid": "f3332648-1447-42f0-a1e8-e351329355eb",
          "title": "Cadastrar agendamento",
          "fullFile": "",
          "file": "",
          "beforeHooks": [],
          "afterHooks": [],
          "tests": [
            {
              "title": "Cadrastrar agendamento com sucesso - Dados aleatórios",
              "fullTitle": "Cadastrar agendamento Cadrastrar agendamento com sucesso - Dados aleatórios",
              "timedOut": null,
              "duration": 177,
              "state": "passed",
              "speed": "fast",
              "pass": true,
              "fail": false,
              "pending": false,
              "context": null,
              "code": "// const payload = {\n//     \"firstname\": faker.person.firstName(),\n//     \"lastname\": faker.person.lastName(),\n//     \"totalprice\": faker.number.int({ min: 100, max: 1000 }),\n//     \"depositpaid\": true,\n//     \"bookingdates\": {\n//         \"checkin\": faker.date.anytime(),\n//         \"checkout\": faker.date.anytime(),\n//     },\n//     \"additionalneeds\": faker.lorem.sentence(3),\n// }\ncy.cadastrarAgendamento(payload).then(results => {\n  expect(results.status).to.equal(200);\n  expect(results.body.bookingid).not.NaN; //not.NaN para confirmar que ele é um numero e não string\n  expect(results.body.booking.firstname).to.equal(payload.firstname);\n  expect(results.body.booking.lastname).to.equal(payload.lastname);\n});",
              "err": {},
              "uuid": "ce484928-316b-4920-b15d-3a8cc0693a96",
              "parentUUID": "f3332648-1447-42f0-a1e8-e351329355eb",
              "isHook": false,
              "skipped": false
            }
          ],
          "suites": [],
          "passes": [
            "ce484928-316b-4920-b15d-3a8cc0693a96"
          ],
          "failures": [],
          "pending": [],
          "skipped": [],
          "duration": 177,
          "root": false,
          "rootEmpty": false,
          "_timeout": 2000
        }
      ],
      "passes": [],
      "failures": [],
      "pending": [],
      "skipped": [],
      "duration": 0,
      "root": true,
      "rootEmpty": true,
      "_timeout": 2000
    }
  ],
  "meta": {
    "mocha": {
      "version": "7.2.0"
    },
    "mochawesome": {
      "options": {
        "quiet": true,
        "reportFilename": "mochawesome",
        "saveHtml": false,
        "saveJson": true,
        "consoleReporter": "spec",
        "useInlineDiffs": false,
        "code": true
      },
      "version": "7.1.4"
    },
    "marge": {
      "options": {
        "reportDir": "cypress/reports",
        "overwrite": false,
        "html": false,
        "json": true,
        "quiet": true
      },
      "version": "6.3.2"
    }
  }
}